15-Oct-2023 19:47:06.192 INFORMACIÓN [main] org.apache.catalina.core.ApplicationContext.log ContextListener: contextInitialized()
15-Oct-2023 19:47:06.195 INFORMACIÓN [main] org.apache.catalina.core.ApplicationContext.log SessionListener: contextInitialized()
15-Oct-2023 19:47:06.200 INFORMACIÓN [main] org.apache.catalina.core.ApplicationContext.log ContextListener: attributeAdded('StockTicker', 'async.Stockticker@297ea53a')
15-Oct-2023 19:51:29.766 INFORMACIÓN [Thread-1] org.apache.catalina.core.ApplicationContext.log SessionListener: contextDestroyed()
15-Oct-2023 19:51:29.767 INFORMACIÓN [Thread-1] org.apache.catalina.core.ApplicationContext.log ContextListener: contextDestroyed()
15-Oct-2023 19:51:35.528 INFORMACIÓN [main] org.apache.catalina.core.ApplicationContext.log ContextListener: contextInitialized()
15-Oct-2023 19:51:35.531 INFORMACIÓN [main] org.apache.catalina.core.ApplicationContext.log SessionListener: contextInitialized()
15-Oct-2023 19:51:35.537 INFORMACIÓN [main] org.apache.catalina.core.ApplicationContext.log ContextListener: attributeAdded('StockTicker', 'async.Stockticker@68d6972f')
15-Oct-2023 19:53:10.261 INFORMACIÓN [Thread-1] org.apache.catalina.core.ApplicationContext.log SessionListener: contextDestroyed()
15-Oct-2023 19:53:10.261 INFORMACIÓN [Thread-1] org.apache.catalina.core.ApplicationContext.log ContextListener: contextDestroyed()
15-Oct-2023 19:53:15.786 INFORMACIÓN [main] org.apache.catalina.core.ApplicationContext.log ContextListener: contextInitialized()
15-Oct-2023 19:53:15.787 INFORMACIÓN [main] org.apache.catalina.core.ApplicationContext.log SessionListener: contextInitialized()
15-Oct-2023 19:53:15.794 INFORMACIÓN [main] org.apache.catalina.core.ApplicationContext.log ContextListener: attributeAdded('StockTicker', 'async.Stockticker@21005f6c')
15-Oct-2023 20:40:38.945 INFORMACIÓN [Catalina-utility-1] org.apache.catalina.core.ApplicationContext.log SessionListener: contextDestroyed()
15-Oct-2023 20:40:38.946 INFORMACIÓN [Catalina-utility-1] org.apache.catalina.core.ApplicationContext.log ContextListener: contextDestroyed()
15-Oct-2023 20:42:12.008 INFORMACIÓN [main] org.apache.catalina.core.ApplicationContext.log ContextListener: contextInitialized()
15-Oct-2023 20:42:12.009 INFORMACIÓN [main] org.apache.catalina.core.ApplicationContext.log SessionListener: contextInitialized()
15-Oct-2023 20:42:12.013 INFORMACIÓN [main] org.apache.catalina.core.ApplicationContext.log ContextListener: attributeAdded('StockTicker', 'async.Stockticker@297ea53a')
15-Oct-2023 21:32:39.257 INFORMACIÓN [Catalina-utility-1] org.apache.catalina.core.ApplicationContext.log ContextListener: contextInitialized()
15-Oct-2023 21:32:39.257 INFORMACIÓN [Catalina-utility-1] org.apache.catalina.core.ApplicationContext.log SessionListener: contextInitialized()
15-Oct-2023 21:32:39.265 INFORMACIÓN [Catalina-utility-1] org.apache.catalina.core.ApplicationContext.log ContextListener: attributeAdded('StockTicker', 'async.Stockticker@6cac3914')
15-Oct-2023 21:33:20.336 INFORMACIÓN [http-nio-8080-exec-5] org.apache.catalina.core.ApplicationContext.log ContextListener: attributeAdded('org.apache.jasper.runtime.JspApplicationContextImpl', 'org.apache.jasper.runtime.JspApplicationContextImpl@603bccc8')
15-Oct-2023 21:33:20.399 INFORMACIÓN [http-nio-8080-exec-5] org.apache.catalina.core.ApplicationContext.log ContextListener: attributeAdded('org.apache.jasper.compiler.ELInterpreter', 'org.apache.jasper.compiler.ELInterpreterFactory$DefaultELInterpreter@7f58d6cb')
15-Oct-2023 21:33:20.400 INFORMACIÓN [http-nio-8080-exec-5] org.apache.catalina.core.ApplicationContext.log ContextListener: attributeAdded('org.apache.jasper.compiler.StringInterpreter', 'org.apache.jasper.compiler.StringInterpreterFactory$DefaultStringInterpreter@464b7d2f')
15-Oct-2023 21:33:22.305 INFORMACIÓN [http-nio-8080-exec-5] org.apache.catalina.core.ApplicationContext.log SessionListener: sessionCreated('FD10B9E3707C25C97864CF4096A548A5')
15-Oct-2023 22:05:03.732 INFORMACIÓN [Catalina-utility-1] org.apache.catalina.core.ApplicationContext.log SessionListener: sessionDestroyed('FD10B9E3707C25C97864CF4096A548A5')
15-Oct-2023 22:34:58.793 INFORMACIÓN [Thread-1] org.apache.catalina.core.ApplicationContext.log SessionListener: contextDestroyed()
15-Oct-2023 22:34:58.793 INFORMACIÓN [Thread-1] org.apache.catalina.core.ApplicationContext.log ContextListener: contextDestroyed()
15-Oct-2023 22:34:58.807 INFORMACIÓN [Thread-1] org.apache.catalina.core.ApplicationContext.log SessionListener: contextDestroyed()
15-Oct-2023 22:34:58.807 INFORMACIÓN [Thread-1] org.apache.catalina.core.ApplicationContext.log ContextListener: contextDestroyed()
15-Oct-2023 22:35:09.126 INFORMACIÓN [main] org.apache.catalina.core.ApplicationContext.log ContextListener: contextInitialized()
15-Oct-2023 22:35:09.131 INFORMACIÓN [main] org.apache.catalina.core.ApplicationContext.log SessionListener: contextInitialized()
15-Oct-2023 22:35:09.140 INFORMACIÓN [main] org.apache.catalina.core.ApplicationContext.log ContextListener: attributeAdded('StockTicker', 'async.Stockticker@2e029d61')
15-Oct-2023 22:35:11.025 INFORMACIÓN [main] org.apache.catalina.core.ApplicationContext.log ContextListener: contextInitialized()
15-Oct-2023 22:35:11.025 INFORMACIÓN [main] org.apache.catalina.core.ApplicationContext.log SessionListener: contextInitialized()
15-Oct-2023 22:35:11.030 INFORMACIÓN [main] org.apache.catalina.core.ApplicationContext.log ContextListener: attributeAdded('StockTicker', 'async.Stockticker@51c929ae')
15-Oct-2023 22:36:03.250 INFORMACIÓN [http-nio-8080-exec-4] org.apache.catalina.core.ApplicationContext.log ContextListener: attributeAdded('org.apache.jasper.runtime.JspApplicationContextImpl', 'org.apache.jasper.runtime.JspApplicationContextImpl@20837670')
15-Oct-2023 22:36:03.283 INFORMACIÓN [http-nio-8080-exec-4] org.apache.catalina.core.ApplicationContext.log ContextListener: attributeAdded('org.apache.jasper.compiler.ELInterpreter', 'org.apache.jasper.compiler.ELInterpreterFactory$DefaultELInterpreter@18e24938')
15-Oct-2023 22:36:03.285 INFORMACIÓN [http-nio-8080-exec-4] org.apache.catalina.core.ApplicationContext.log ContextListener: attributeAdded('org.apache.jasper.compiler.StringInterpreter', 'org.apache.jasper.compiler.StringInterpreterFactory$DefaultStringInterpreter@528da880')
15-Oct-2023 22:36:05.070 INFORMACIÓN [http-nio-8080-exec-4] org.apache.catalina.core.ApplicationContext.log SessionListener: sessionCreated('F1B26EDD82F0127A0BF0BC935911B918')
15-Oct-2023 22:36:24.729 INFORMACIÓN [Thread-1] org.apache.catalina.core.ApplicationContext.log SessionListener: contextDestroyed()
15-Oct-2023 22:36:24.729 INFORMACIÓN [Thread-1] org.apache.catalina.core.ApplicationContext.log ContextListener: contextDestroyed()
15-Oct-2023 22:36:24.755 INFORMACIÓN [Thread-1] org.apache.catalina.core.ApplicationContext.log SessionListener: contextDestroyed()
15-Oct-2023 22:36:24.755 INFORMACIÓN [Thread-1] org.apache.catalina.core.ApplicationContext.log ContextListener: contextDestroyed()
15-Oct-2023 22:36:30.257 INFORMACIÓN [main] org.apache.catalina.core.ApplicationContext.log ContextListener: contextInitialized()
15-Oct-2023 22:36:30.257 INFORMACIÓN [main] org.apache.catalina.core.ApplicationContext.log SessionListener: contextInitialized()
15-Oct-2023 22:36:30.264 INFORMACIÓN [main] org.apache.catalina.core.ApplicationContext.log ContextListener: attributeAdded('StockTicker', 'async.Stockticker@297ea53a')
15-Oct-2023 22:36:31.612 INFORMACIÓN [main] org.apache.catalina.core.ApplicationContext.log ContextListener: contextInitialized()
15-Oct-2023 22:36:31.612 INFORMACIÓN [main] org.apache.catalina.core.ApplicationContext.log SessionListener: contextInitialized()
15-Oct-2023 22:36:31.616 INFORMACIÓN [main] org.apache.catalina.core.ApplicationContext.log ContextListener: attributeAdded('StockTicker', 'async.Stockticker@58783f6c')
15-Oct-2023 22:38:11.817 INFORMACIÓN [Thread-1] org.apache.catalina.core.ApplicationContext.log SessionListener: contextDestroyed()
15-Oct-2023 22:38:11.817 INFORMACIÓN [Thread-1] org.apache.catalina.core.ApplicationContext.log ContextListener: contextDestroyed()
15-Oct-2023 22:38:11.837 INFORMACIÓN [Thread-1] org.apache.catalina.core.ApplicationContext.log SessionListener: contextDestroyed()
15-Oct-2023 22:38:11.837 INFORMACIÓN [Thread-1] org.apache.catalina.core.ApplicationContext.log ContextListener: contextDestroyed()
15-Oct-2023 22:38:17.016 INFORMACIÓN [main] org.apache.catalina.core.ApplicationContext.log ContextListener: contextInitialized()
15-Oct-2023 22:38:17.017 INFORMACIÓN [main] org.apache.catalina.core.ApplicationContext.log SessionListener: contextInitialized()
15-Oct-2023 22:38:17.021 INFORMACIÓN [main] org.apache.catalina.core.ApplicationContext.log ContextListener: attributeAdded('StockTicker', 'async.Stockticker@297ea53a')
15-Oct-2023 22:38:18.417 INFORMACIÓN [main] org.apache.catalina.core.ApplicationContext.log ContextListener: contextInitialized()
15-Oct-2023 22:38:18.417 INFORMACIÓN [main] org.apache.catalina.core.ApplicationContext.log SessionListener: contextInitialized()
15-Oct-2023 22:38:18.421 INFORMACIÓN [main] org.apache.catalina.core.ApplicationContext.log ContextListener: attributeAdded('StockTicker', 'async.Stockticker@58783f6c')
15-Oct-2023 22:39:56.487 INFORMACIÓN [Thread-1] org.apache.catalina.core.ApplicationContext.log SessionListener: contextDestroyed()
15-Oct-2023 22:39:56.487 INFORMACIÓN [Thread-1] org.apache.catalina.core.ApplicationContext.log ContextListener: contextDestroyed()
15-Oct-2023 22:39:56.503 INFORMACIÓN [Thread-1] org.apache.catalina.core.ApplicationContext.log SessionListener: contextDestroyed()
15-Oct-2023 22:39:56.503 INFORMACIÓN [Thread-1] org.apache.catalina.core.ApplicationContext.log ContextListener: contextDestroyed()
15-Oct-2023 22:40:06.941 INFORMACIÓN [main] org.apache.catalina.core.ApplicationContext.log ContextListener: contextInitialized()
15-Oct-2023 22:40:06.941 INFORMACIÓN [main] org.apache.catalina.core.ApplicationContext.log SessionListener: contextInitialized()
15-Oct-2023 22:40:06.948 INFORMACIÓN [main] org.apache.catalina.core.ApplicationContext.log ContextListener: attributeAdded('StockTicker', 'async.Stockticker@32f0fba8')
15-Oct-2023 22:40:08.471 INFORMACIÓN [main] org.apache.catalina.core.ApplicationContext.log ContextListener: contextInitialized()
15-Oct-2023 22:40:08.472 INFORMACIÓN [main] org.apache.catalina.core.ApplicationContext.log SessionListener: contextInitialized()
15-Oct-2023 22:40:08.475 INFORMACIÓN [main] org.apache.catalina.core.ApplicationContext.log ContextListener: attributeAdded('StockTicker', 'async.Stockticker@33c2bd')
15-Oct-2023 22:40:28.808 INFORMACIÓN [http-nio-8080-exec-2] org.apache.catalina.core.ApplicationContext.log ContextListener: attributeAdded('org.apache.jasper.runtime.JspApplicationContextImpl', 'org.apache.jasper.runtime.JspApplicationContextImpl@78648ed2')
15-Oct-2023 22:51:50.608 INFORMACIÓN [Catalina-utility-2] org.apache.catalina.core.ApplicationContext.log SessionListener: contextDestroyed()
15-Oct-2023 22:51:50.608 INFORMACIÓN [Catalina-utility-2] org.apache.catalina.core.ApplicationContext.log ContextListener: contextDestroyed()
